This is pdfTeX, Version 3.1415926-2.5-1.40.14 (MiKTeX 2.9) (preloaded format=pdflatex 2014.1.12)  19 DEC 2015 22:48
entering extended mode
**stat471_writeup.tex
("C:\Users\Kevin\Documents\University of Pennsylvania\FALL 2015\STAT 471\Final Project\code\writeup\stat471_writeup.tex"
LaTeX2e <2011/06/27>
Babel <v3.8m> and hyphenation patterns for english, afrikaans, ancientgreek, arabic, armenian, assamese, basque, bengali
, bokmal, bulgarian, catalan, coptic, croatian, czech, danish, dutch, esperanto, estonian, farsi, finnish, french, galic
ian, german, german-x-2013-05-26, greek, gujarati, hindi, hungarian, icelandic, indonesian, interlingua, irish, italian,
 kannada, kurmanji, latin, latvian, lithuanian, malayalam, marathi, mongolian, mongolianlmc, monogreek, ngerman, ngerman
-x-2013-05-26, nynorsk, oriya, panjabi, pinyin, polish, portuguese, romanian, russian, sanskrit, serbian, slovak, sloven
ian, spanish, swedish, swissgerman, tamil, telugu, turkish, turkmen, ukenglish, ukrainian, uppersorbian, usenglishmax, w
elsh, loaded.
("C:\Users\Kevin\Documents\University of Pennsylvania\FALL 2015\STAT 471\Final Project\code\writeup\llncs.cls"
Document Class: llncs 2014/03/31 v2.19 
 LaTeX document class for Lecture Notes in Computer Science
("C:\Program Files (x86)\MiKTeX 2.9\tex\latex\base\article.cls"
Document Class: article 2007/10/19 v1.4h Standard LaTeX document class
("C:\Program Files (x86)\MiKTeX 2.9\tex\latex\base\size10.clo"
File: size10.clo 2007/10/19 v1.4h Standard LaTeX file (size option)
)
\c@part=\count79
\c@section=\count80
\c@subsection=\count81
\c@subsubsection=\count82
\c@paragraph=\count83
\c@subparagraph=\count84
\c@figure=\count85
\c@table=\count86
\abovecaptionskip=\skip41
\belowcaptionskip=\skip42
\bibindent=\dimen102
)
("C:\Program Files (x86)\MiKTeX 2.9\tex\latex\tools\multicol.sty"
Package: multicol 2011/06/27 v1.7a multicolumn formatting (FMi)
\c@tracingmulticols=\count87
\mult@box=\box26
\multicol@leftmargin=\dimen103
\c@unbalance=\count88
\c@collectmore=\count89
\doublecol@number=\count90
\multicoltolerance=\count91
\multicolpretolerance=\count92
\full@width=\dimen104
\page@free=\dimen105
\premulticols=\dimen106
\postmulticols=\dimen107
\multicolsep=\skip43
\multicolbaselineskip=\skip44
\partial@page=\box27
\last@line=\box28
\mult@rightbox=\box29
\mult@grightbox=\box30
\mult@gfirstbox=\box31
\mult@firstbox=\box32
\@tempa=\box33
\@tempa=\box34
\@tempa=\box35
\@tempa=\box36
\@tempa=\box37
\@tempa=\box38
\@tempa=\box39
\@tempa=\box40
\@tempa=\box41
\@tempa=\box42
\@tempa=\box43
\@tempa=\box44
\@tempa=\box45
\@tempa=\box46
\@tempa=\box47
\@tempa=\box48
\@tempa=\box49
\c@columnbadness=\count93
\c@finalcolumnbadness=\count94
\last@try=\dimen108
\multicolovershoot=\dimen109
\multicolundershoot=\dimen110
\mult@nat@firstbox=\box50
\colbreak@box=\box51
\multicol@sort@counter=\count95
)
("C:\Program Files (x86)\MiKTeX 2.9\tex\latex\oberdiek\aliascnt.sty"
Package: aliascnt 2009/09/08 v1.3 Alias counters (HO)

("C:\Program Files (x86)\MiKTeX 2.9\tex\latex\carlisle\remreset.sty"))
\c@chapter=\count96
LaTeX Font Info:    Redeclaring math symbol \Gamma on input line 362.
LaTeX Font Info:    Redeclaring math symbol \Delta on input line 363.
LaTeX Font Info:    Redeclaring math symbol \Theta on input line 364.
LaTeX Font Info:    Redeclaring math symbol \Lambda on input line 365.
LaTeX Font Info:    Redeclaring math symbol \Xi on input line 366.
LaTeX Font Info:    Redeclaring math symbol \Pi on input line 367.
LaTeX Font Info:    Redeclaring math symbol \Sigma on input line 368.
LaTeX Font Info:    Redeclaring math symbol \Upsilon on input line 369.
LaTeX Font Info:    Redeclaring math symbol \Phi on input line 370.
LaTeX Font Info:    Redeclaring math symbol \Psi on input line 371.
LaTeX Font Info:    Redeclaring math symbol \Omega on input line 372.
\tocchpnum=\dimen111
\tocsecnum=\dimen112
\tocsectotal=\dimen113
\tocsubsecnum=\dimen114
\tocsubsectotal=\dimen115
\tocsubsubsecnum=\dimen116
\tocsubsubsectotal=\dimen117
\tocparanum=\dimen118
\tocparatotal=\dimen119
\tocsubparanum=\dimen120
\@tempcntc=\count97
\fnindent=\dimen121
\c@@inst=\count98
\c@@auth=\count99
\c@auco=\count100
\instindent=\dimen122
\authrun=\box52
\authorrunning=\toks14
\tocauthor=\toks15
\titrun=\box53
\titlerunning=\toks16
\toctitle=\toks17
\c@theorem=\count101
\c@case=\count102
\c@conjecture=\count103
\c@corollary=\count104
\c@definition=\count105
\c@example=\count106
\c@exercise=\count107
\c@lemma=\count108
\c@note=\count109
\c@problem=\count110
\c@property=\count111
\c@proposition=\count112
\c@question=\count113
\c@solution=\count114
\c@remark=\count115
\headlineindent=\dimen123
)
("C:\Program Files (x86)\MiKTeX 2.9\tex\latex\amsmath\amsmath.sty"
Package: amsmath 2013/01/14 v2.14 AMS math features
\@mathmargin=\skip45

For additional information on amsmath, use the `?' option.
("C:\Program Files (x86)\MiKTeX 2.9\tex\latex\amsmath\amstext.sty"
Package: amstext 2000/06/29 v2.01

("C:\Program Files (x86)\MiKTeX 2.9\tex\latex\amsmath\amsgen.sty"
File: amsgen.sty 1999/11/30 v2.0
\@emptytoks=\toks18
\ex@=\dimen124
))
("C:\Program Files (x86)\MiKTeX 2.9\tex\latex\amsmath\amsbsy.sty"
Package: amsbsy 1999/11/29 v1.2d
\pmbraise@=\dimen125
)
("C:\Program Files (x86)\MiKTeX 2.9\tex\latex\amsmath\amsopn.sty"
Package: amsopn 1999/12/14 v2.01 operator names
)
\inf@bad=\count116
LaTeX Info: Redefining \frac on input line 210.
\uproot@=\count117
\leftroot@=\count118
LaTeX Info: Redefining \overline on input line 306.
\classnum@=\count119
\DOTSCASE@=\count120
LaTeX Info: Redefining \ldots on input line 378.
LaTeX Info: Redefining \dots on input line 381.
LaTeX Info: Redefining \cdots on input line 466.
\Mathstrutbox@=\box54
\strutbox@=\box55
\big@size=\dimen126
LaTeX Font Info:    Redeclaring font encoding OML on input line 566.
LaTeX Font Info:    Redeclaring font encoding OMS on input line 567.


Package amsmath Warning: Unable to redefine math accent \vec.

\macc@depth=\count121
\c@MaxMatrixCols=\count122
\dotsspace@=\muskip10
\c@parentequation=\count123
\dspbrk@lvl=\count124
\tag@help=\toks19
\row@=\count125
\column@=\count126
\maxfields@=\count127
\andhelp@=\toks20
\eqnshift@=\dimen127
\alignsep@=\dimen128
\tagshift@=\dimen129
\tagwidth@=\dimen130
\totwidth@=\dimen131
\lineht@=\dimen132
\@envbody=\toks21
\multlinegap=\skip46
\multlinetaggap=\skip47
\mathdisplay@stack=\toks22
LaTeX Info: Redefining \[ on input line 2665.
LaTeX Info: Redefining \] on input line 2666.
) ("C:\Program Files (x86)\MiKTeX 2.9\tex\latex\amsfonts\amssymb.sty"
Package: amssymb 2013/01/14 v3.01 AMS font symbols

("C:\Program Files (x86)\MiKTeX 2.9\tex\latex\amsfonts\amsfonts.sty"
Package: amsfonts 2013/01/14 v3.01 Basic AMSFonts support
\symAMSa=\mathgroup4
\symAMSb=\mathgroup5
LaTeX Font Info:    Overwriting math alphabet `\mathfrak' in version `bold'
(Font)                  U/euf/m/n --> U/euf/b/n on input line 106.
))
("C:\Program Files (x86)\MiKTeX 2.9\tex\latex\graphics\graphicx.sty"
Package: graphicx 1999/02/16 v1.0f Enhanced LaTeX Graphics (DPC,SPQR)

("C:\Program Files (x86)\MiKTeX 2.9\tex\latex\graphics\keyval.sty"
Package: keyval 1999/03/16 v1.13 key=value parser (DPC)
\KV@toks@=\toks23
)
("C:\Program Files (x86)\MiKTeX 2.9\tex\latex\graphics\graphics.sty"
Package: graphics 2009/02/05 v1.0o Standard LaTeX Graphics (DPC,SPQR)

("C:\Program Files (x86)\MiKTeX 2.9\tex\latex\graphics\trig.sty"
Package: trig 1999/03/16 v1.09 sin cos tan (DPC)
)
("C:\Program Files (x86)\MiKTeX 2.9\tex\latex\00miktex\graphics.cfg"
File: graphics.cfg 2007/01/18 v1.5 graphics configuration of teTeX/TeXLive
)
Package graphics Info: Driver file: pdftex.def on input line 91.

("C:\Program Files (x86)\MiKTeX 2.9\tex\latex\pdftex-def\pdftex.def"
File: pdftex.def 2011/05/27 v0.06d Graphics/color for pdfTeX

("C:\Program Files (x86)\MiKTeX 2.9\tex\generic\oberdiek\infwarerr.sty"
Package: infwarerr 2010/04/08 v1.3 Providing info/warning/error messages (HO)
)
("C:\Program Files (x86)\MiKTeX 2.9\tex\generic\oberdiek\ltxcmds.sty"
Package: ltxcmds 2011/11/09 v1.22 LaTeX kernel commands for general use (HO)
)
\Gread@gobject=\count128
))
\Gin@req@height=\dimen133
\Gin@req@width=\dimen134
)
("C:\Program Files (x86)\MiKTeX 2.9\tex\latex\graphics\color.sty"
Package: color 2005/11/14 v1.0j Standard LaTeX Color (DPC)

("C:\Program Files (x86)\MiKTeX 2.9\tex\latex\00miktex\color.cfg"
File: color.cfg 2007/01/18 v1.5 color configuration of teTeX/TeXLive
)
Package color Info: Driver file: pdftex.def on input line 130.

("C:\Program Files (x86)\MiKTeX 2.9\tex\latex\graphics\dvipsnam.def"
File: dvipsnam.def 1999/02/16 v3.0i Driver-dependant file (DPC,SPQR)
))
("C:\Program Files (x86)\MiKTeX 2.9\tex\latex\multirow\multirow.sty"
\bigstrutjot=\dimen135
)
(C:\Users\Kevin\AppData\Roaming\MiKTeX\2.9\tex\latex\subfig\subfig.sty
Package: subfig 2005/06/28 ver: 1.3 subfig package

(C:\Users\Kevin\AppData\Roaming\MiKTeX\2.9\tex\latex\caption\caption.sty
Package: caption 2015/09/17 v3.3-111 Customizing captions (AR)

(C:\Users\Kevin\AppData\Roaming\MiKTeX\2.9\tex\latex\caption\caption3.sty
Package: caption3 2015/09/20 v1.7-115 caption3 kernel (AR)
Package caption3 Info: TeX engine: e-TeX on input line 57.
\captionmargin=\dimen136
\captionmargin@=\dimen137
\captionwidth=\dimen138
\caption@tempdima=\dimen139
\caption@indent=\dimen140
\caption@parindent=\dimen141
\caption@hangindent=\dimen142
Package caption Info: Unknown document class (or package),
(caption)             standard defaults will be used.
)

Package caption Warning: Unsupported document class (or package) detected,
(caption)                usage of the caption package is not recommended.
See the caption package documentation for explanation.

Package caption Info: \@makecaption = \long macro:#1#2->\small \vskip \abovecaptionskip \sbox \@tempboxa {{\bfseries #1.
} #2}\ifdim \wd \@tempboxa >\hsize {\bfseries #1.} #2\par \else \global \@minipagefalse \hb@xt@ \hsize {\hfil \box \@tem
pboxa \hfil }\fi \vskip \belowcaptionskip .
\c@ContinuedFloat=\count129
)
\c@KVtest=\count130
\sf@farskip=\skip48
\sf@captopadj=\dimen143
\sf@capskip=\skip49
\sf@nearskip=\skip50
\c@subfigure=\count131
\c@subfigure@save=\count132
\c@lofdepth=\count133
\c@subtable=\count134
\c@subtable@save=\count135
\c@lotdepth=\count136
\sf@top=\skip51
\sf@bottom=\skip52
) ("C:\Program Files (x86)\MiKTeX 2.9\tex\latex\tools\tabularx.sty"
Package: tabularx 1999/01/07 v2.07 `tabularx' package (DPC)

("C:\Program Files (x86)\MiKTeX 2.9\tex\latex\tools\array.sty"
Package: array 2008/09/09 v2.4c Tabular extension package (FMi)
\col@sep=\dimen144
\extrarowheight=\dimen145
\NC@list=\toks24
\extratabsurround=\skip53
\backup@length=\skip54
)
\TX@col@width=\dimen146
\TX@old@table=\dimen147
\TX@old@col=\dimen148
\TX@target=\dimen149
\TX@delta=\dimen150
\TX@cols=\count137
\TX@ftn=\toks25
)
("C:\Users\Kevin\Documents\University of Pennsylvania\FALL 2015\STAT 471\Final Project\code\writeup\stat471_writeup.aux"
)
LaTeX Font Info:    Checking defaults for OML/cmm/m/it on input line 14.
LaTeX Font Info:    ... okay on input line 14.
LaTeX Font Info:    Checking defaults for T1/cmr/m/n on input line 14.
LaTeX Font Info:    ... okay on input line 14.
LaTeX Font Info:    Checking defaults for OT1/cmr/m/n on input line 14.
LaTeX Font Info:    ... okay on input line 14.
LaTeX Font Info:    Checking defaults for OMS/cmsy/m/n on input line 14.
LaTeX Font Info:    ... okay on input line 14.
LaTeX Font Info:    Checking defaults for OMX/cmex/m/n on input line 14.
LaTeX Font Info:    ... okay on input line 14.
LaTeX Font Info:    Checking defaults for U/cmr/m/n on input line 14.
LaTeX Font Info:    ... okay on input line 14.
 (C:\Users\Kevin\AppData\Roaming\MiKTeX\2.9\tex\context\base\supp-pdf.mkii
[Loading MPS to PDF converter (version 2006.09.02).]
\scratchcounter=\count138
\scratchdimen=\dimen151
\scratchbox=\box56
\nofMPsegments=\count139
\nofMParguments=\count140
\everyMPshowfont=\toks26
\MPscratchCnt=\count141
\MPscratchDim=\dimen152
\MPnumerator=\count142
\makeMPintoPDFobject=\count143
\everyMPtoPDFconversion=\toks27
)
Package caption Info: Begin \AtBeginDocument code.
Package caption Info: subfig package v1.3 is loaded.
Package caption Info: End \AtBeginDocument code.
LaTeX Font Info:    Try loading font information for U+msa on input line 19.
 ("C:\Program Files (x86)\MiKTeX 2.9\tex\latex\amsfonts\umsa.fd"
File: umsa.fd 2013/01/14 v3.01 AMS symbols A
)
LaTeX Font Info:    Try loading font information for U+msb on input line 19.

("C:\Program Files (x86)\MiKTeX 2.9\tex\latex\amsfonts\umsb.fd"
File: umsb.fd 2013/01/14 v3.01 AMS symbols B
)
Missing character: There is no â in font cmr10!
Missing character: There is no € in font cmr10!
Missing character: There is no ™ in font cmr10!
Missing character: There is no â in font cmr10!
Missing character: There is no € in font cmr10!
Missing character: There is no ™ in font cmr10!
 [1

{C:/Users/Kevin/AppData/Local/MiKTeX/2.9/pdftex/config/pdftex.map}]
Missing character: There is no â in font cmr10!
Missing character: There is no € in font cmr10!
Missing character: There is no ™ in font cmr10!
Missing character: There is no â in font cmr10!
Missing character: There is no € in font cmr10!
Missing character: There is no ™ in font cmr10!
Missing character: There is no â in font cmr10!
Missing character: There is no € in font cmr10!
Missing character: There is no ™ in font cmr10!
 [2]
Overfull \hbox (13.90936pt too wide) in paragraph at lines 90--95
 [] 
 []

[3] <images/hist_champions.png, id=15, 366.168pt x 244.5135pt>
File: images/hist_champions.png Graphic file (type png)
 <use images/hist_champions.png>
Package pdftex.def Info: images/hist_champions.png used on input line 100.
(pdftex.def)             Requested size: 347.12354pt x 231.80147pt.
 [4 <C:/Users/Kevin/Documents/University of Pennsylvania/FALL 2015/STAT 471/Final Project/code/writeup/images/hist_champ
ions.png>]
<images/minions.jpg, id=19, 1606.0pt x 919.435pt>
File: images/minions.jpg Graphic file (type jpg)
 <use images/minions.jpg>
Package pdftex.def Info: images/minions.jpg used on input line 134.
(pdftex.def)             Requested size: 173.56177pt x 99.35641pt.

<images/jungle.jpg, id=20, 677.53125pt x 526.96875pt>
File: images/jungle.jpg Graphic file (type jpg)
 <use images/jungle.jpg>
Package pdftex.def Info: images/jungle.jpg used on input line 142.
(pdftex.def)             Requested size: 173.56177pt x 134.99037pt.
Missing character: There is no â in font cmr10!
Missing character: There is no € in font cmr10!
Missing character: There is no ™ in font cmr10!
 [5 <C:/Users/Kevin/Documents/University of Pennsylvania/FALL 2015/STAT 471/Final Project/code/writeup/images/minions.jp
g>]
Missing character: There is no â in font cmr10!
Missing character: There is no € in font cmr10!
Missing character: There is no ™ in font cmr10!
Missing character: There is no â in font cmr10!
Missing character: There is no € in font cmr10!
Missing character: There is no ™ in font cmr10!
Missing character: There is no â in font cmr10!
Missing character: There is no € in font cmr10!
Missing character: There is no ™ in font cmr10!
 [6 <C:/Users/Kevin/Documents/University of Pennsylvania/FALL 2015/STAT 471/Final Project/code/writeup/images/jungle.jpg
>]
<images/wards.png, id=27, 374.5995pt x 256.5585pt>
File: images/wards.png Graphic file (type png)
 <use images/wards.png>
Package pdftex.def Info: images/wards.png used on input line 191.
(pdftex.def)             Requested size: 173.56177pt x 118.87175pt.
Missing character: There is no â in font cmr10!
Missing character: There is no € in font cmr10!
Missing character: There is no ™ in font cmr10!
 [7 <C:/Users/Kevin/Documents/University of Pennsylvania/FALL 2015/STAT 471/Final Project/code/writeup/images/wards.png>
]
<images/pairwise_scatter.png, id=32, 439.04025pt x 303.534pt>
File: images/pairwise_scatter.png Graphic file (type png)
 <use images/pairwise_scatter.png>
Package pdftex.def Info: images/pairwise_scatter.png used on input line 221.
(pdftex.def)             Requested size: 173.56177pt x 119.99419pt.

<images/dragon.png, id=33, 362.5545pt x 284.262pt>
File: images/dragon.png Graphic file (type png)
 <use images/dragon.png>
Package pdftex.def Info: images/dragon.png used on input line 239.
(pdftex.def)             Requested size: 138.84729pt x 108.86214pt.

<images/baron.png, id=34, 375.804pt x 281.853pt>
File: images/baron.png Graphic file (type png)
 <use images/baron.png>
Package pdftex.def Info: images/baron.png used on input line 247.
(pdftex.def)             Requested size: 138.84729pt x 104.13344pt.
 [8 <C:/Users/Kevin/Documents/University of Pennsylvania/FALL 2015/STAT 471/Final Project/code/writeup/images/pairwise_s
catter.png>]
<images/hist_dragon.png, id=38, 375.804pt x 200.54926pt>
File: images/hist_dragon.png Graphic file (type png)
 <use images/hist_dragon.png>
Package pdftex.def Info: images/hist_dragon.png used on input line 257.
(pdftex.def)             Requested size: 347.12354pt x 185.25421pt.

<images/hist_baron.png, id=39, 375.804pt x 200.54926pt>
File: images/hist_baron.png Graphic file (type png)
 <use images/hist_baron.png>
Package pdftex.def Info: images/hist_baron.png used on input line 263.
(pdftex.def)             Requested size: 347.12354pt x 185.25421pt.

Underfull \vbox (badness 7558) has occurred while \output is active []

 [9 <C:/Users/Kevin/Documents/University of Pennsylvania/FALL 2015/STAT 471/Final Project/code/writeup/images/dragon.png
> <C:/Users/Kevin/Documents/University of Pennsylvania/FALL 2015/STAT 471/Final Project/code/writeup/images/baron.png>] 
<images/lasso.png, id=43, 375.804pt x 198.7425pt>
File: images/lasso.png Graphic file (type png)

<use images/lasso.png>
Package pdftex.def Info: images/lasso.png used on input line 275.
(pdftex.def)             Requested size: 225.62817pt x 119.32222pt.
 [10 <C:/Users/Kevin/Documents/University of Pennsylvania/FALL 2015/STAT 471/Final Project/code/writeup/images/hist_drag
on.png> <C:/Users/Kevin/Documents/University of Pennsylvania/FALL 2015/STAT 471/Final Project/code/writeup/images/hist_b
aron.png>]
Overfull \hbox (80.1239pt too wide) in paragraph at lines 286--301
 [] 
 []


Underfull \vbox (badness 10000) has occurred while \output is active []

 [11 <C:/Users/Kevin/Documents/University of Pennsylvania/FALL 2015/STAT 471/Final Project/code/writeup/images/lasso.png
>]
Overfull \hbox (49.76619pt too wide) in paragraph at lines 318--319
[]\OT1/cmr/m/n/10 http://www.nytimes.com/2014/08/26/technology/amazon-nears-a-deal-for-twitch.html 
 []

[12]
("C:\Users\Kevin\Documents\University of Pennsylvania\FALL 2015\STAT 471\Final Project\code\writeup\stat471_writeup.aux"
) ) 
Here is how much of TeX's memory you used:
 4006 strings out of 493921
 58459 string characters out of 3144876
 125717 words of memory out of 3000000
 7258 multiletter control sequences out of 15000+200000
 7156 words of font info for 28 fonts, out of 3000000 for 9000
 841 hyphenation exceptions out of 8191
 44i,9n,42p,1136b,300s stack positions out of 5000i,500n,10000p,200000b,50000s
<C:/Program Files (x86)/MiKTeX 2.9/fonts/type1/public/amsfonts/cm/cmbx10.pfb><C:/Program Files (x86)/MiKTeX 2.9/fonts
/type1/public/amsfonts/cm/cmbx12.pfb><C:/Program Files (x86)/MiKTeX 2.9/fonts/type1/public/amsfonts/cm/cmmi10.pfb><C:/Pr
ogram Files (x86)/MiKTeX 2.9/fonts/type1/public/amsfonts/cm/cmr10.pfb><C:/Program Files (x86)/MiKTeX 2.9/fonts/type1/pub
lic/amsfonts/cm/cmr9.pfb>
Output written on stat471_writeup.pdf (12 pages, 1722164 bytes).
PDF statistics:
 71 PDF objects out of 1000 (max. 8388607)
 0 named destinations out of 1000 (max. 500000)
 51 words of extra memory for PDF output out of 10000 (max. 10000000)

