This is pdfTeX, Version 3.1415926-2.5-1.40.14 (MiKTeX 2.9) (preloaded format=pdflatex 2014.1.12)  20 DEC 2015 21:45
entering extended mode
**TSWLatexianTemp_stat471_writeup.tex

("C:\Users\Kevin\Documents\University of Pennsylvania\FALL 2015\STAT 471\Final Project\code\writeup\TSWLatexianTemp_stat
471_writeup.tex"
LaTeX2e <2011/06/27>
Babel <v3.8m> and hyphenation patterns for english, afrikaans, ancientgreek, arabic, armenian, assamese, basque, bengali
, bokmal, bulgarian, catalan, coptic, croatian, czech, danish, dutch, esperanto, estonian, farsi, finnish, french, galic
ian, german, german-x-2013-05-26, greek, gujarati, hindi, hungarian, icelandic, indonesian, interlingua, irish, italian,
 kannada, kurmanji, latin, latvian, lithuanian, malayalam, marathi, mongolian, mongolianlmc, monogreek, ngerman, ngerman
-x-2013-05-26, nynorsk, oriya, panjabi, pinyin, polish, portuguese, romanian, russian, sanskrit, serbian, slovak, sloven
ian, spanish, swedish, swissgerman, tamil, telugu, turkish, turkmen, ukenglish, ukrainian, uppersorbian, usenglishmax, w
elsh, loaded.
("C:\Users\Kevin\Documents\University of Pennsylvania\FALL 2015\STAT 471\Final Project\code\writeup\llncs.cls"
Document Class: llncs 2014/03/31 v2.19 
 LaTeX document class for Lecture Notes in Computer Science
("C:\Program Files (x86)\MiKTeX 2.9\tex\latex\base\article.cls"
Document Class: article 2007/10/19 v1.4h Standard LaTeX document class
("C:\Program Files (x86)\MiKTeX 2.9\tex\latex\base\size10.clo"
File: size10.clo 2007/10/19 v1.4h Standard LaTeX file (size option)
)
\c@part=\count79
\c@section=\count80
\c@subsection=\count81
\c@subsubsection=\count82
\c@paragraph=\count83
\c@subparagraph=\count84
\c@figure=\count85
\c@table=\count86
\abovecaptionskip=\skip41
\belowcaptionskip=\skip42
\bibindent=\dimen102
)
("C:\Program Files (x86)\MiKTeX 2.9\tex\latex\tools\multicol.sty"
Package: multicol 2011/06/27 v1.7a multicolumn formatting (FMi)
\c@tracingmulticols=\count87
\mult@box=\box26
\multicol@leftmargin=\dimen103
\c@unbalance=\count88
\c@collectmore=\count89
\doublecol@number=\count90
\multicoltolerance=\count91
\multicolpretolerance=\count92
\full@width=\dimen104
\page@free=\dimen105
\premulticols=\dimen106
\postmulticols=\dimen107
\multicolsep=\skip43
\multicolbaselineskip=\skip44
\partial@page=\box27
\last@line=\box28
\mult@rightbox=\box29
\mult@grightbox=\box30
\mult@gfirstbox=\box31
\mult@firstbox=\box32
\@tempa=\box33
\@tempa=\box34
\@tempa=\box35
\@tempa=\box36
\@tempa=\box37
\@tempa=\box38
\@tempa=\box39
\@tempa=\box40
\@tempa=\box41
\@tempa=\box42
\@tempa=\box43
\@tempa=\box44
\@tempa=\box45
\@tempa=\box46
\@tempa=\box47
\@tempa=\box48
\@tempa=\box49
\c@columnbadness=\count93
\c@finalcolumnbadness=\count94
\last@try=\dimen108
\multicolovershoot=\dimen109
\multicolundershoot=\dimen110
\mult@nat@firstbox=\box50
\colbreak@box=\box51
\multicol@sort@counter=\count95
)
("C:\Program Files (x86)\MiKTeX 2.9\tex\latex\oberdiek\aliascnt.sty"
Package: aliascnt 2009/09/08 v1.3 Alias counters (HO)

("C:\Program Files (x86)\MiKTeX 2.9\tex\latex\carlisle\remreset.sty"))
\c@chapter=\count96
LaTeX Font Info:    Redeclaring math symbol \Gamma on input line 362.
LaTeX Font Info:    Redeclaring math symbol \Delta on input line 363.
LaTeX Font Info:    Redeclaring math symbol \Theta on input line 364.
LaTeX Font Info:    Redeclaring math symbol \Lambda on input line 365.
LaTeX Font Info:    Redeclaring math symbol \Xi on input line 366.
LaTeX Font Info:    Redeclaring math symbol \Pi on input line 367.
LaTeX Font Info:    Redeclaring math symbol \Sigma on input line 368.
LaTeX Font Info:    Redeclaring math symbol \Upsilon on input line 369.
LaTeX Font Info:    Redeclaring math symbol \Phi on input line 370.
LaTeX Font Info:    Redeclaring math symbol \Psi on input line 371.
LaTeX Font Info:    Redeclaring math symbol \Omega on input line 372.
\tocchpnum=\dimen111
\tocsecnum=\dimen112
\tocsectotal=\dimen113
\tocsubsecnum=\dimen114
\tocsubsectotal=\dimen115
\tocsubsubsecnum=\dimen116
\tocsubsubsectotal=\dimen117
\tocparanum=\dimen118
\tocparatotal=\dimen119
\tocsubparanum=\dimen120
\@tempcntc=\count97
\fnindent=\dimen121
\c@@inst=\count98
\c@@auth=\count99
\c@auco=\count100
\instindent=\dimen122
\authrun=\box52
\authorrunning=\toks14
\tocauthor=\toks15
\titrun=\box53
\titlerunning=\toks16
\toctitle=\toks17
\c@theorem=\count101
\c@case=\count102
\c@conjecture=\count103
\c@corollary=\count104
\c@definition=\count105
\c@example=\count106
\c@exercise=\count107
\c@lemma=\count108
\c@note=\count109
\c@problem=\count110
\c@property=\count111
\c@proposition=\count112
\c@question=\count113
\c@solution=\count114
\c@remark=\count115
\headlineindent=\dimen123
)
("C:\Program Files (x86)\MiKTeX 2.9\tex\latex\amsmath\amsmath.sty"
Package: amsmath 2013/01/14 v2.14 AMS math features
\@mathmargin=\skip45

For additional information on amsmath, use the `?' option.
("C:\Program Files (x86)\MiKTeX 2.9\tex\latex\amsmath\amstext.sty"
Package: amstext 2000/06/29 v2.01

("C:\Program Files (x86)\MiKTeX 2.9\tex\latex\amsmath\amsgen.sty"
File: amsgen.sty 1999/11/30 v2.0
\@emptytoks=\toks18
\ex@=\dimen124
))
("C:\Program Files (x86)\MiKTeX 2.9\tex\latex\amsmath\amsbsy.sty"
Package: amsbsy 1999/11/29 v1.2d
\pmbraise@=\dimen125
)
("C:\Program Files (x86)\MiKTeX 2.9\tex\latex\amsmath\amsopn.sty"
Package: amsopn 1999/12/14 v2.01 operator names
)
\inf@bad=\count116
LaTeX Info: Redefining \frac on input line 210.
\uproot@=\count117
\leftroot@=\count118
LaTeX Info: Redefining \overline on input line 306.
\classnum@=\count119
\DOTSCASE@=\count120
LaTeX Info: Redefining \ldots on input line 378.
LaTeX Info: Redefining \dots on input line 381.
LaTeX Info: Redefining \cdots on input line 466.
\Mathstrutbox@=\box54
\strutbox@=\box55
\big@size=\dimen126
LaTeX Font Info:    Redeclaring font encoding OML on input line 566.
LaTeX Font Info:    Redeclaring font encoding OMS on input line 567.


Package amsmath Warning: Unable to redefine math accent \vec.

\macc@depth=\count121
\c@MaxMatrixCols=\count122
\dotsspace@=\muskip10
\c@parentequation=\count123
\dspbrk@lvl=\count124
\tag@help=\toks19
\row@=\count125
\column@=\count126
\maxfields@=\count127
\andhelp@=\toks20
\eqnshift@=\dimen127
\alignsep@=\dimen128
\tagshift@=\dimen129
\tagwidth@=\dimen130
\totwidth@=\dimen131
\lineht@=\dimen132
\@envbody=\toks21
\multlinegap=\skip46
\multlinetaggap=\skip47
\mathdisplay@stack=\toks22
LaTeX Info: Redefining \[ on input line 2665.
LaTeX Info: Redefining \] on input line 2666.
) ("C:\Program Files (x86)\MiKTeX 2.9\tex\latex\amsfonts\amssymb.sty"
Package: amssymb 2013/01/14 v3.01 AMS font symbols

("C:\Program Files (x86)\MiKTeX 2.9\tex\latex\amsfonts\amsfonts.sty"
Package: amsfonts 2013/01/14 v3.01 Basic AMSFonts support
\symAMSa=\mathgroup4
\symAMSb=\mathgroup5
LaTeX Font Info:    Overwriting math alphabet `\mathfrak' in version `bold'
(Font)                  U/euf/m/n --> U/euf/b/n on input line 106.
))
("C:\Program Files (x86)\MiKTeX 2.9\tex\latex\graphics\graphicx.sty"
Package: graphicx 1999/02/16 v1.0f Enhanced LaTeX Graphics (DPC,SPQR)

("C:\Program Files (x86)\MiKTeX 2.9\tex\latex\graphics\keyval.sty"
Package: keyval 1999/03/16 v1.13 key=value parser (DPC)
\KV@toks@=\toks23
)
("C:\Program Files (x86)\MiKTeX 2.9\tex\latex\graphics\graphics.sty"
Package: graphics 2009/02/05 v1.0o Standard LaTeX Graphics (DPC,SPQR)

("C:\Program Files (x86)\MiKTeX 2.9\tex\latex\graphics\trig.sty"
Package: trig 1999/03/16 v1.09 sin cos tan (DPC)
)
("C:\Program Files (x86)\MiKTeX 2.9\tex\latex\00miktex\graphics.cfg"
File: graphics.cfg 2007/01/18 v1.5 graphics configuration of teTeX/TeXLive
)
Package graphics Info: Driver file: pdftex.def on input line 91.

("C:\Program Files (x86)\MiKTeX 2.9\tex\latex\pdftex-def\pdftex.def"
File: pdftex.def 2011/05/27 v0.06d Graphics/color for pdfTeX

("C:\Program Files (x86)\MiKTeX 2.9\tex\generic\oberdiek\infwarerr.sty"
Package: infwarerr 2010/04/08 v1.3 Providing info/warning/error messages (HO)
)
("C:\Program Files (x86)\MiKTeX 2.9\tex\generic\oberdiek\ltxcmds.sty"
Package: ltxcmds 2011/11/09 v1.22 LaTeX kernel commands for general use (HO)
)
\Gread@gobject=\count128
))
\Gin@req@height=\dimen133
\Gin@req@width=\dimen134
)
("C:\Program Files (x86)\MiKTeX 2.9\tex\latex\graphics\color.sty"
Package: color 2005/11/14 v1.0j Standard LaTeX Color (DPC)

("C:\Program Files (x86)\MiKTeX 2.9\tex\latex\00miktex\color.cfg"
File: color.cfg 2007/01/18 v1.5 color configuration of teTeX/TeXLive
)
Package color Info: Driver file: pdftex.def on input line 130.

("C:\Program Files (x86)\MiKTeX 2.9\tex\latex\graphics\dvipsnam.def"
File: dvipsnam.def 1999/02/16 v3.0i Driver-dependant file (DPC,SPQR)
))
("C:\Program Files (x86)\MiKTeX 2.9\tex\latex\multirow\multirow.sty"
\bigstrutjot=\dimen135
)
(C:\Users\Kevin\AppData\Roaming\MiKTeX\2.9\tex\latex\subfig\subfig.sty
Package: subfig 2005/06/28 ver: 1.3 subfig package

(C:\Users\Kevin\AppData\Roaming\MiKTeX\2.9\tex\latex\caption\caption.sty
Package: caption 2015/09/17 v3.3-111 Customizing captions (AR)

(C:\Users\Kevin\AppData\Roaming\MiKTeX\2.9\tex\latex\caption\caption3.sty
Package: caption3 2015/09/20 v1.7-115 caption3 kernel (AR)
Package caption3 Info: TeX engine: e-TeX on input line 57.
\captionmargin=\dimen136
\captionmargin@=\dimen137
\captionwidth=\dimen138
\caption@tempdima=\dimen139
\caption@indent=\dimen140
\caption@parindent=\dimen141
\caption@hangindent=\dimen142
Package caption Info: Unknown document class (or package),
(caption)             standard defaults will be used.
)

Package caption Warning: Unsupported document class (or package) detected,
(caption)                usage of the caption package is not recommended.
See the caption package documentation for explanation.

Package caption Info: \@makecaption = \long macro:#1#2->\small \vskip \abovecaptionskip \sbox \@tempboxa {{\bfseries #1.
} #2}\ifdim \wd \@tempboxa >\hsize {\bfseries #1.} #2\par \else \global \@minipagefalse \hb@xt@ \hsize {\hfil \box \@tem
pboxa \hfil }\fi \vskip \belowcaptionskip .
\c@ContinuedFloat=\count129
)
\c@KVtest=\count130
\sf@farskip=\skip48
\sf@captopadj=\dimen143
\sf@capskip=\skip49
\sf@nearskip=\skip50
\c@subfigure=\count131
\c@subfigure@save=\count132
\c@lofdepth=\count133
\c@subtable=\count134
\c@subtable@save=\count135
\c@lotdepth=\count136
\sf@top=\skip51
\sf@bottom=\skip52
) ("C:\Program Files (x86)\MiKTeX 2.9\tex\latex\tools\tabularx.sty"
Package: tabularx 1999/01/07 v2.07 `tabularx' package (DPC)

("C:\Program Files (x86)\MiKTeX 2.9\tex\latex\tools\array.sty"
Package: array 2008/09/09 v2.4c Tabular extension package (FMi)
\col@sep=\dimen144
\extrarowheight=\dimen145
\NC@list=\toks24
\extratabsurround=\skip53
\backup@length=\skip54
)
\TX@col@width=\dimen146
\TX@old@table=\dimen147
\TX@old@col=\dimen148
\TX@target=\dimen149
\TX@delta=\dimen150
\TX@cols=\count137
\TX@ftn=\toks25
)
(C:\Users\Kevin\AppData\Roaming\MiKTeX\2.9\tex\latex\listings\listings.sty
\lst@mode=\count138
\lst@gtempboxa=\box56
\lst@token=\toks26
\lst@length=\count139
\lst@currlwidth=\dimen151
\lst@column=\count140
\lst@pos=\count141
\lst@lostspace=\dimen152
\lst@width=\dimen153
\lst@newlines=\count142
\lst@lineno=\count143
\lst@maxwidth=\dimen154

(C:\Users\Kevin\AppData\Roaming\MiKTeX\2.9\tex\latex\listings\lstmisc.sty
File: lstmisc.sty 2014/09/06 1.5e (Carsten Heinz)
\c@lstnumber=\count144
\lst@skipnumbers=\count145
\lst@framebox=\box57
)
(C:\Users\Kevin\AppData\Roaming\MiKTeX\2.9\tex\latex\listings\listings.cfg
File: listings.cfg 2014/09/06 1.5e listings configuration
))
Package: listings 2014/09/06 1.5e (Carsten Heinz)

("C:\Users\Kevin\Documents\University of Pennsylvania\FALL 2015\STAT 471\Final Project\code\writeup\TSWLatexianTemp_stat
471_writeup.aux")
LaTeX Font Info:    Checking defaults for OML/cmm/m/it on input line 16.
LaTeX Font Info:    ... okay on input line 16.
LaTeX Font Info:    Checking defaults for T1/cmr/m/n on input line 16.
LaTeX Font Info:    ... okay on input line 16.
LaTeX Font Info:    Checking defaults for OT1/cmr/m/n on input line 16.
LaTeX Font Info:    ... okay on input line 16.
LaTeX Font Info:    Checking defaults for OMS/cmsy/m/n on input line 16.
LaTeX Font Info:    ... okay on input line 16.
LaTeX Font Info:    Checking defaults for OMX/cmex/m/n on input line 16.
LaTeX Font Info:    ... okay on input line 16.
LaTeX Font Info:    Checking defaults for U/cmr/m/n on input line 16.
LaTeX Font Info:    ... okay on input line 16.
 (C:\Users\Kevin\AppData\Roaming\MiKTeX\2.9\tex\context\base\supp-pdf.mkii
[Loading MPS to PDF converter (version 2006.09.02).]
\scratchcounter=\count146
\scratchdimen=\dimen155
\scratchbox=\box58
\nofMPsegments=\count147
\nofMParguments=\count148
\everyMPshowfont=\toks27
\MPscratchCnt=\count149
\MPscratchDim=\dimen156
\MPnumerator=\count150
\makeMPintoPDFobject=\count151
\everyMPtoPDFconversion=\toks28
)
Package caption Info: Begin \AtBeginDocument code.
Package caption Info: subfig package v1.3 is loaded.
Package caption Info: listings package is loaded.
Package caption Info: End \AtBeginDocument code.
\c@lstlisting=\count152
LaTeX Font Info:    Try loading font information for U+msa on input line 21.
 ("C:\Program Files (x86)\MiKTeX 2.9\tex\latex\amsfonts\umsa.fd"
File: umsa.fd 2013/01/14 v3.01 AMS symbols A
)
LaTeX Font Info:    Try loading font information for U+msb on input line 21.

("C:\Program Files (x86)\MiKTeX 2.9\tex\latex\amsfonts\umsb.fd"
File: umsb.fd 2013/01/14 v3.01 AMS symbols B
)
Missing character: There is no â in font cmr10!
Missing character: There is no € in font cmr10!
Missing character: There is no ™ in font cmr10!
Missing character: There is no â in font cmr10!
Missing character: There is no € in font cmr10!
Missing character: There is no ™ in font cmr10!
 [1

{C:/Users/Kevin/AppData/Local/MiKTeX/2.9/pdftex/config/pdftex.map}]
Missing character: There is no â in font cmr10!
Missing character: There is no € in font cmr10!
Missing character: There is no ™ in font cmr10!
 [2]
Missing character: There is no â in font cmr10!
Missing character: There is no € in font cmr10!
Missing character: There is no ™ in font cmr10!
Missing character: There is no â in font cmr10!
Missing character: There is no € in font cmr10!
Missing character: There is no ™ in font cmr10!
 [3]
Overfull \hbox (13.90936pt too wide) in paragraph at lines 94--99
 [] 
 []

<images/hist_champions.png, id=15, 366.168pt x 244.5135pt>
File: images/hist_champions.png Graphic file (type png)
 <use images/hist_champions.png>
Package pdftex.def Info: images/hist_champions.png used on input line 104.
(pdftex.def)             Requested size: 347.12354pt x 231.80147pt.

<images/top_3.png, id=16, 584.1825pt x 200.75pt>
File: images/top_3.png Graphic file (type png)
 <use images/top_3.png>
Package pdftex.def Info: images/top_3.png used on input line 114.
(pdftex.def)             Requested size: 156.20453pt x 53.67635pt.

<images/bot_3.png, id=18, 584.1825pt x 200.75pt>
File: images/bot_3.png Graphic file (type png)
 <use images/bot_3.png>
Package pdftex.def Info: images/bot_3.png used on input line 116.
(pdftex.def)             Requested size: 156.20453pt x 53.67635pt.
 [4 <C:/Users/Kevin/Documents/University of Pennsylvania/FALL 2015/STAT 471/Final Project/code/writeup/images/hist_champ
ions.png>]
<images/minions.jpg, id=23, 1606.0pt x 919.435pt>
File: images/minions.jpg Graphic file (type jpg)
 <use images/minions.jpg>
Package pdftex.def Info: images/minions.jpg used on input line 128.
(pdftex.def)             Requested size: 173.56177pt x 99.35641pt.
 [5 <C:/Users/Kevin/Documents/University of Pennsylvania/FALL 2015/STAT 471/Final Project/code/writeup/images/top_3.png>
 <C:/Users/Kevin/Documents/University of Pennsylvania/FALL 2015/STAT 471/Final Project/code/writeup/images/bot_3.png> <C
:/Users/Kevin/Documents/University of Pennsylvania/FALL 2015/STAT 471/Final Project/code/writeup/images/minions.jpg>]
<images/jungle.jpg, id=29, 677.53125pt x 526.96875pt>
File: images/jungle.jpg Graphic file (type jpg)
 <use images/jungle.jpg>
Package pdftex.def Info: images/jungle.jpg used on input line 136.
(pdftex.def)             Requested size: 173.56177pt x 134.99037pt.
Missing character: There is no â in font cmr10!
Missing character: There is no € in font cmr10!
Missing character: There is no ™ in font cmr10!
Missing character: There is no â in font cmr10!
Missing character: There is no € in font cmr10!
Missing character: There is no ™ in font cmr10!
 [6 <C:/Users/Kevin/Documents/University of Pennsylvania/FALL 2015/STAT 471/Final Project/code/writeup/images/jungle.jpg
>]
Missing character: There is no â in font cmr10!
Missing character: There is no € in font cmr10!
Missing character: There is no ™ in font cmr10!
Missing character: There is no â in font cmr10!
Missing character: There is no € in font cmr10!
Missing character: There is no ™ in font cmr10!

<images/wards.png, id=33, 374.5995pt x 256.5585pt>
File: images/wards.png Graphic file (type png)
 <use images/wards.png>
Package pdftex.def Info: images/wards.png used on input line 184.
(pdftex.def)             Requested size: 173.56177pt x 118.87175pt.
 [7 <C:/Users/Kevin/Documents/University of Pennsylvania/FALL 2015/STAT 471/Final Project/code/writeup/images/wards.png>
]
Missing character: There is no â in font cmr10!
Missing character: There is no € in font cmr10!
Missing character: There is no ™ in font cmr10!

<images/dragon.png, id=38, 362.5545pt x 284.262pt>
File: images/dragon.png Graphic file (type png)
 <use images/dragon.png>
Package pdftex.def Info: images/dragon.png used on input line 228.
(pdftex.def)             Requested size: 138.84729pt x 108.86214pt.
 [8]
<images/baron.png, id=42, 375.804pt x 281.853pt>
File: images/baron.png Graphic file (type png)
 <use images/baron.png>
Package pdftex.def Info: images/baron.png used on input line 236.
(pdftex.def)             Requested size: 138.84729pt x 104.13344pt.

<images/hist_dragon.png, id=43, 375.804pt x 200.54926pt>
File: images/hist_dragon.png Graphic file (type png)
 <use images/hist_dragon.png>
Package pdftex.def Info: images/hist_dragon.png used on input line 244.
(pdftex.def)             Requested size: 347.12354pt x 185.25421pt.

<images/hist_baron.png, id=44, 375.804pt x 200.54926pt>
File: images/hist_baron.png Graphic file (type png)
 <use images/hist_baron.png>
Package pdftex.def Info: images/hist_baron.png used on input line 250.
(pdftex.def)             Requested size: 347.12354pt x 185.25421pt.
 [9 <C:/Users/Kevin/Documents/University of Pennsylvania/FALL 2015/STAT 471/Final Project/code/writeup/images/dragon.png
> <C:/Users/Kevin/Documents/University of Pennsylvania/FALL 2015/STAT 471/Final Project/code/writeup/images/baron.png>]
Underfull \vbox (badness 4556) has occurred while \output is active []

 [10 <C:/Users/Kevin/Documents/University of Pennsylvania/FALL 2015/STAT 471/Final Project/code/writeup/images/hist_drag
on.png> <C:/Users/Kevin/Documents/University of Pennsylvania/FALL 2015/STAT 471/Final Project/code/writeup/images/hist_b
aron.png>]
<images/lasso.png, id=51, 375.804pt x 198.7425pt>
File: images/lasso.png Graphic file (type png)
 <use images/lasso.png>
Package pdftex.def Info: images/lasso.png used on input line 264.
(pdftex.def)             Requested size: 347.12354pt x 183.58525pt.

Overfull \hbox (80.1239pt too wide) in paragraph at lines 275--290
 [] 
 []


Underfull \vbox (badness 10000) has occurred while \output is active []

 [11 <C:/Users/Kevin/Documents/University of Pennsylvania/FALL 2015/STAT 471/Final Project/code/writeup/images/lasso.png
>]
<images/lr_summary.png, id=55, 375.804pt x 295.1025pt>
File: images/lr_summary.png Graphic file (type png)
 <use images/lr_summary.png>
Package pdftex.def Info: images/lr_summary.png used on input line 302.
(pdftex.def)             Requested size: 347.12354pt x 272.59628pt.

Overfull \hbox (13.88962pt too wide) in paragraph at lines 313--313
[] 
 []

[12]
Missing character: There is no â in font cmr10!
Missing character: There is no € in font cmr10!
Missing character: There is no ™ in font cmr10!
Missing character: There is no â in font cmr10!
Missing character: There is no € in font cmr10!
Missing character: There is no ™ in font cmr10!
 [13 <C:/Users/Kevin/Documents/University of Pennsylvania/FALL 2015/STAT 471/Final Project/code/writeup/images/lr_summar
y.png>] <images/lr_simple.png, id=65, 375.804pt x 295.1025pt>
File: images/lr_simple.png Graphic file (type png)
 <use images/lr_simple.png>
Package pdftex.def Info: images/lr_simple.png used on input line 323.
(pdftex.def)             Requested size: 347.12354pt x 272.59628pt.

Overfull \hbox (7.11172pt too wide) in paragraph at lines 333--333
[] 
 []

[14 <C:/Users/Kevin/Documents/University of Pennsylvania/FALL 2015/STAT 471/Final Project/code/writeup/images/lr_simple.
png>]
Missing character: There is no â in font cmr10!
Missing character: There is no € in font cmr10!
Missing character: There is no ™ in font cmr10!
Missing character: There is no â in font cmr10!
Missing character: There is no € in font cmr10!
Missing character: There is no ™ in font cmr10!
 <images/lr_roc.png, id=69, 375.804pt x 214.401pt>
File: images/lr_roc.png Graphic file (type png)
 <use images/lr_roc.png>
Package pdftex.def Info: images/lr_roc.png used on input line 363.
(pdftex.def)             Requested size: 242.98541pt x 138.62617pt.
 [15]
Missing character: There is no â in font cmr10!
Missing character: There is no € in font cmr10!
Missing character: There is no ™ in font cmr10!

<images/rf_importance.png, id=73, 277.63725pt x 148.75575pt>
File: images/rf_importance.png Graphic file (type png)
 <use images/rf_importance.png>
Package pdftex.def Info: images/rf_importance.png used on input line 380.
(pdftex.def)             Requested size: 173.56177pt x 92.9948pt.

<images/rf_mce.png, id=74, 657.45625pt x 477.785pt>
File: images/rf_mce.png Graphic file (type png)
 <use images/rf_mce.png>
Package pdftex.def Info: images/rf_mce.png used on input line 388.
(pdftex.def)             Requested size: 347.12354pt x 252.26251pt.

Underfull \vbox (badness 1112) has occurred while \output is active []

 [16 <C:/Users/Kevin/Documents/University of Pennsylvania/FALL 2015/STAT 471/Final Project/code/writeup/images/lr_roc.pn
g>]
<images/rf_roc.png, id=78, 657.45625pt x 477.785pt>
File: images/rf_roc.png Graphic file (type png)
 <use images/rf_roc.png>
Package pdftex.def Info: images/rf_roc.png used on input line 407.
(pdftex.def)             Requested size: 242.98541pt x 176.58084pt.
 [17 <C:/Users/Kevin/Documents/University of Pennsylvania/FALL 2015/STAT 471/Final Project/code/writeup/images/rf_import
ance.png> <C:/Users/Kevin/Documents/University of Pennsylvania/FALL 2015/STAT 471/Final Project/code/writeup/images/rf_m
ce.png>]
Missing character: There is no â in font cmr10!
Missing character: There is no € in font cmr10!
Missing character: There is no ™ in font cmr10!
 [18 <C:/Users/Kevin/Documents/University of Pennsylvania/FALL 2015/STAT 471/Final Project/code/writeup/images/rf_roc.pn
g>]
Overfull \hbox (9.07042pt too wide) in paragraph at lines 437--438
[]\OT1/cmr/m/n/10 While LR is a para-met-ric model, ran-dom forests are com-pletely non-parametric.
 []

Missing character: There is no â in font cmr10!
Missing character: There is no € in font cmr10!
Missing character: There is no ™ in font cmr10!
[19]
Overfull \hbox (49.76619pt too wide) in paragraph at lines 471--472
[]\OT1/cmr/m/n/10 http://www.nytimes.com/2014/08/26/technology/amazon-nears-a-deal-for-twitch.html 
 []


Overfull \hbox (46.52068pt too wide) in paragraph at lines 475--476
\OT1/cmr/m/n/10 R code and Java pro-gram can be found at: https://github.com/Kevin-Lei/stat471[]final[]proj 
 []

<images/pairwise_scatter.png, id=91, 439.04025pt x 303.534pt>
File: images/pairwise_scatter.png Graphic file (type png)
 <use images/pairwise_scatter.png>
Package pdftex.def Info: images/pairwise_scatter.png used on input line 479.
(pdftex.def)             Requested size: 347.12354pt x 239.98837pt.
 [20 <C:/Users/Kevin/Documents/University of Pennsylvania/FALL 2015/STAT 471/Final Project/code/writeup/images/pairwise_
scatter.png>]
("C:\Users\Kevin\Documents\University of Pennsylvania\FALL 2015\STAT 471\Final Project\code\writeup\TSWLatexianTemp_stat
471_writeup.aux") ) 
Here is how much of TeX's memory you used:
 5218 strings out of 493921
 76861 string characters out of 3144876
 143355 words of memory out of 3000000
 8450 multiletter control sequences out of 15000+200000
 7156 words of font info for 28 fonts, out of 3000000 for 9000
 841 hyphenation exceptions out of 8191
 44i,10n,42p,1152b,303s stack positions out of 5000i,500n,10000p,200000b,50000s
<C:/Program Files (x86)/MiKTeX 2.9/fonts/type1/public/amsfonts/cm/cmbx10.pfb><C:/Program Files (x86)/
MiKTeX 2.9/fonts/type1/public/amsfonts/cm/cmbx12.pfb><C:/Program Files (x86)/MiKTeX 2.9/fonts/type1/public/amsfonts/cm/c
mex10.pfb><C:/Program Files (x86)/MiKTeX 2.9/fonts/type1/public/amsfonts/cm/cmmi10.pfb><C:/Program Files (x86)/MiKTeX 2.
9/fonts/type1/public/amsfonts/cm/cmr10.pfb><C:/Program Files (x86)/MiKTeX 2.9/fonts/type1/public/amsfonts/cm/cmr9.pfb><C
:/Program Files (x86)/MiKTeX 2.9/fonts/type1/public/amsfonts/cm/cmsy10.pfb>
Output written on TSWLatexianTemp_stat471_writeup.pdf (20 pages, 2453466 bytes).
PDF statistics:
 118 PDF objects out of 1000 (max. 8388607)
 0 named destinations out of 1000 (max. 500000)
 91 words of extra memory for PDF output out of 10000 (max. 10000000)

